<?xml version="1.0" encoding="UTF-8"?>
<testng-results ignored="0" total="1" passed="1" failed="0" skipped="0">
  <reporter-output>
  </reporter-output>
  <suite started-at="2024-11-28T11:03:18 IST" name="Default suite" finished-at="2024-11-28T11:03:18 IST" duration-ms="143">
    <groups>
    </groups>
    <test started-at="2024-11-28T11:03:18 IST" name="Default test" finished-at="2024-11-28T11:03:18 IST" duration-ms="143">
      <class name="Basic.DateFetching">
        <test-method signature="main()[pri:0, instance:Basic.DateFetching@56cdfb3b]" started-at="2024-11-28T11:03:18 IST" name="main" finished-at="2024-11-28T11:03:18 IST" duration-ms="95" status="PASS">
          <reporter-output>
          </reporter-output>
        </test-method> <!-- main -->
      </class> <!-- Basic.DateFetching -->
    </test> <!-- Default test -->
  </suite> <!-- Default suite -->
</testng-results>
